<?xml version="1.0" encoding="UTF-8"?>
<!-- Generated by org.testng.reporters.JUnitReportReporter -->
<testsuite skipped="0" hostname="Avinashs-MacBook-Pro.local" name="com.resonance.regression.RegressionTests" tests="1" failures="0" timestamp="07 May 2022 05:20:33 GMT" time="23.979" errors="0">
  <testcase name="verifyConfirmationAlertIsOpened" time="23.979" classname="com.resonance.regression.RegressionTests"/>
</testsuite> <!-- com.resonance.regression.RegressionTests -->
